  Activating project at `~/OptimizationParameterTuning/Julia Notebook`
Status `~/OptimizationParameterTuning/Julia Notebook/Project.toml`
  [54578032] ADNLPModels v0.8.13
⌃ [6e4b80f9] BenchmarkTools v1.6.0
  [336ed68f] CSV v0.10.15
⌃ [a93c6f00] DataFrames v1.8.0
⌃ [7073ff75] IJulia v1.30.6
  [10dff2fc] JSOSolvers v0.14.3
  [ed6ae0be] JSOSuite v0.3.0
  [a4795742] NLPModels v0.21.5
  [5049e819] OptimizationProblems v0.9.2
  [ff4d7338] SolverCore v0.3.8
  [d076d87d] SolverParameters v0.1.2
Info Packages marked with ⌃ have new versions available and may be upgradable.
Running NZF1 with nvar=988 and mem=1
Running NZF1 with nvar=988 and mem=1
Running NZF1 with nvar=988 and mem=2
Running NZF1 with nvar=988 and mem=3
Running NZF1 with nvar=988 and mem=4
Running NZF1 with nvar=988 and mem=5
Running NZF1 with nvar=988 and mem=6
Running NZF1 with nvar=988 and mem=7
Running NZF1 with nvar=988 and mem=8
Running NZF1 with nvar=988 and mem=9
Running NZF1 with nvar=988 and mem=10
Running NZF1 with nvar=988 and mem=11
Running NZF1 with nvar=988 and mem=12
Running NZF1 with nvar=988 and mem=13
Running NZF1 with nvar=988 and mem=14
Running NZF1 with nvar=988 and mem=15
Running NZF1 with nvar=988 and mem=16
Running NZF1 with nvar=988 and mem=17
Running NZF1 with nvar=988 and mem=18
Running NZF1 with nvar=988 and mem=19
Running NZF1 with nvar=988 and mem=20
Running NZF1 with nvar=988 and mem=21
Running NZF1 with nvar=988 and mem=22
Running NZF1 with nvar=988 and mem=23
Running NZF1 with nvar=988 and mem=24
Running NZF1 with nvar=988 and mem=25
Running NZF1 with nvar=988 and mem=26
Running NZF1 with nvar=988 and mem=27
Running NZF1 with nvar=988 and mem=28
Running NZF1 with nvar=988 and mem=29
Running NZF1 with nvar=988 and mem=30
Running NZF1 with nvar=988 and mem=31
Running NZF1 with nvar=988 and mem=32
Running NZF1 with nvar=988 and mem=33
Running NZF1 with nvar=988 and mem=34
Running NZF1 with nvar=988 and mem=35
Running NZF1 with nvar=988 and mem=36
Running NZF1 with nvar=988 and mem=37
Running NZF1 with nvar=988 and mem=38
Running NZF1 with nvar=988 and mem=39
Running NZF1 with nvar=988 and mem=40
Running NZF1 with nvar=988 and mem=41
Running NZF1 with nvar=988 and mem=42
Running NZF1 with nvar=988 and mem=43
Running NZF1 with nvar=988 and mem=44
Running NZF1 with nvar=988 and mem=45
Running NZF1 with nvar=988 and mem=46
Running NZF1 with nvar=988 and mem=47
Running NZF1 with nvar=988 and mem=48
Running NZF1 with nvar=988 and mem=49
Running NZF1 with nvar=988 and mem=50
Running NZF1 with nvar=988 and mem=51
Running NZF1 with nvar=988 and mem=52
Running NZF1 with nvar=988 and mem=53
Running NZF1 with nvar=988 and mem=54
Running NZF1 with nvar=988 and mem=55
Running NZF1 with nvar=988 and mem=56
Running NZF1 with nvar=988 and mem=57
Running NZF1 with nvar=988 and mem=58
Running NZF1 with nvar=988 and mem=59
Running NZF1 with nvar=988 and mem=60
Running NZF1 with nvar=988 and mem=61
Running NZF1 with nvar=988 and mem=62
Running NZF1 with nvar=988 and mem=63
Running NZF1 with nvar=988 and mem=64
Running NZF1 with nvar=988 and mem=65
Running NZF1 with nvar=988 and mem=66
Running NZF1 with nvar=988 and mem=67
Running NZF1 with nvar=988 and mem=68
Running NZF1 with nvar=988 and mem=69
Running NZF1 with nvar=988 and mem=70
Running NZF1 with nvar=988 and mem=71
Running NZF1 with nvar=988 and mem=72
Running NZF1 with nvar=988 and mem=73
Running NZF1 with nvar=988 and mem=74
Running NZF1 with nvar=988 and mem=75
Running NZF1 with nvar=988 and mem=76
Running NZF1 with nvar=988 and mem=77
Running NZF1 with nvar=988 and mem=78
Running NZF1 with nvar=988 and mem=79
Running NZF1 with nvar=988 and mem=80
Running NZF1 with nvar=988 and mem=81
Running NZF1 with nvar=988 and mem=82
Running NZF1 with nvar=988 and mem=83
Running NZF1 with nvar=988 and mem=84
Running NZF1 with nvar=988 and mem=85
Running NZF1 with nvar=988 and mem=86
Running NZF1 with nvar=988 and mem=87
Running NZF1 with nvar=988 and mem=88
Running NZF1 with nvar=988 and mem=89
Running NZF1 with nvar=988 and mem=90
Running NZF1 with nvar=988 and mem=91
Running NZF1 with nvar=988 and mem=92
Running NZF1 with nvar=988 and mem=93
Running NZF1 with nvar=988 and mem=94
Running NZF1 with nvar=988 and mem=95
Running NZF1 with nvar=988 and mem=96
Running NZF1 with nvar=988 and mem=97
Running NZF1 with nvar=988 and mem=98
Running NZF1 with nvar=988 and mem=99
Running NZF1 with nvar=988 and mem=100
Running arglina with nvar=1000 and mem=1
Running arglina with nvar=1000 and mem=1
Running arglina with nvar=1000 and mem=2
Running arglina with nvar=1000 and mem=3
Running arglina with nvar=1000 and mem=4
Running arglina with nvar=1000 and mem=5
Running arglina with nvar=1000 and mem=6
Running arglina with nvar=1000 and mem=7
Running arglina with nvar=1000 and mem=8
Running arglina with nvar=1000 and mem=9
Running arglina with nvar=1000 and mem=10
Running arglina with nvar=1000 and mem=11
Running arglina with nvar=1000 and mem=12
Running arglina with nvar=1000 and mem=13
Running arglina with nvar=1000 and mem=14
Running arglina with nvar=1000 and mem=15
Running arglina with nvar=1000 and mem=16
Running arglina with nvar=1000 and mem=17
Running arglina with nvar=1000 and mem=18
Running arglina with nvar=1000 and mem=19
Running arglina with nvar=1000 and mem=20
Running arglina with nvar=1000 and mem=21
Running arglina with nvar=1000 and mem=22
Running arglina with nvar=1000 and mem=23
Running arglina with nvar=1000 and mem=24
Running arglina with nvar=1000 and mem=25
Running arglina with nvar=1000 and mem=26
Running arglina with nvar=1000 and mem=27
Running arglina with nvar=1000 and mem=28
Running arglina with nvar=1000 and mem=29
Running arglina with nvar=1000 and mem=30
Running arglina with nvar=1000 and mem=31
Running arglina with nvar=1000 and mem=32
Running arglina with nvar=1000 and mem=33
Running arglina with nvar=1000 and mem=34
Running arglina with nvar=1000 and mem=35
Running arglina with nvar=1000 and mem=36
Running arglina with nvar=1000 and mem=37
Running arglina with nvar=1000 and mem=38
Running arglina with nvar=1000 and mem=39
Running arglina with nvar=1000 and mem=40
Running arglina with nvar=1000 and mem=41
Running arglina with nvar=1000 and mem=42
Running arglina with nvar=1000 and mem=43
Running arglina with nvar=1000 and mem=44
Running arglina with nvar=1000 and mem=45
Running arglina with nvar=1000 and mem=46
Running arglina with nvar=1000 and mem=47
Running arglina with nvar=1000 and mem=48
Running arglina with nvar=1000 and mem=49
Running arglina with nvar=1000 and mem=50
Running arglina with nvar=1000 and mem=51
Running arglina with nvar=1000 and mem=52
Running arglina with nvar=1000 and mem=53
Running arglina with nvar=1000 and mem=54
Running arglina with nvar=1000 and mem=55
Running arglina with nvar=1000 and mem=56
Running arglina with nvar=1000 and mem=57
Running arglina with nvar=1000 and mem=58
Running arglina with nvar=1000 and mem=59
Running arglina with nvar=1000 and mem=60
Running arglina with nvar=1000 and mem=61
Running arglina with nvar=1000 and mem=62
Running arglina with nvar=1000 and mem=63
Running arglina with nvar=1000 and mem=64
Running arglina with nvar=1000 and mem=65
Running arglina with nvar=1000 and mem=66
Running arglina with nvar=1000 and mem=67
Running arglina with nvar=1000 and mem=68
Running arglina with nvar=1000 and mem=69
Running arglina with nvar=1000 and mem=70
Running arglina with nvar=1000 and mem=71
Running arglina with nvar=1000 and mem=72
Running arglina with nvar=1000 and mem=73
Running arglina with nvar=1000 and mem=74
Running arglina with nvar=1000 and mem=75
Running arglina with nvar=1000 and mem=76
Running arglina with nvar=1000 and mem=77
Running arglina with nvar=1000 and mem=78
Running arglina with nvar=1000 and mem=79
Running arglina with nvar=1000 and mem=80
Running arglina with nvar=1000 and mem=81
Running arglina with nvar=1000 and mem=82
Running arglina with nvar=1000 and mem=83
Running arglina with nvar=1000 and mem=84
Running arglina with nvar=1000 and mem=85
Running arglina with nvar=1000 and mem=86
Running arglina with nvar=1000 and mem=87
Running arglina with nvar=1000 and mem=88
Running arglina with nvar=1000 and mem=89
Running arglina with nvar=1000 and mem=90
Running arglina with nvar=1000 and mem=91
Running arglina with nvar=1000 and mem=92
Running arglina with nvar=1000 and mem=93
Running arglina with nvar=1000 and mem=94
Running arglina with nvar=1000 and mem=95
Running arglina with nvar=1000 and mem=96
Running arglina with nvar=1000 and mem=97
Running arglina with nvar=1000 and mem=98
Running arglina with nvar=1000 and mem=99
Running arglina with nvar=1000 and mem=100
Running arglinb with nvar=1000 and mem=1
Running arglinb with nvar=1000 and mem=1
Running arglinb with nvar=1000 and mem=2
Running arglinb with nvar=1000 and mem=3
Running arglinb with nvar=1000 and mem=4
Running arglinb with nvar=1000 and mem=5
Running arglinb with nvar=1000 and mem=6
Running arglinb with nvar=1000 and mem=7
Running arglinb with nvar=1000 and mem=8
Running arglinb with nvar=1000 and mem=9
Running arglinb with nvar=1000 and mem=10
Running arglinb with nvar=1000 and mem=11
Running arglinb with nvar=1000 and mem=12
Running arglinb with nvar=1000 and mem=13
Running arglinb with nvar=1000 and mem=14
Running arglinb with nvar=1000 and mem=15
Running arglinb with nvar=1000 and mem=16
Running arglinb with nvar=1000 and mem=17
Running arglinb with nvar=1000 and mem=18
Running arglinb with nvar=1000 and mem=19
Running arglinb with nvar=1000 and mem=20
Running arglinb with nvar=1000 and mem=21
Running arglinb with nvar=1000 and mem=22
Running arglinb with nvar=1000 and mem=23
Running arglinb with nvar=1000 and mem=24
Running arglinb with nvar=1000 and mem=25
Running arglinb with nvar=1000 and mem=26
Running arglinb with nvar=1000 and mem=27
Running arglinb with nvar=1000 and mem=28
Running arglinb with nvar=1000 and mem=29
Running arglinb with nvar=1000 and mem=30
Running arglinb with nvar=1000 and mem=31
Running arglinb with nvar=1000 and mem=32
Running arglinb with nvar=1000 and mem=33
Running arglinb with nvar=1000 and mem=34
Running arglinb with nvar=1000 and mem=35
Running arglinb with nvar=1000 and mem=36
Running arglinb with nvar=1000 and mem=37
Running arglinb with nvar=1000 and mem=38
Running arglinb with nvar=1000 and mem=39
Running arglinb with nvar=1000 and mem=40
Running arglinb with nvar=1000 and mem=41
Running arglinb with nvar=1000 and mem=42
Running arglinb with nvar=1000 and mem=43
Running arglinb with nvar=1000 and mem=44
Running arglinb with nvar=1000 and mem=45
Running arglinb with nvar=1000 and mem=46
Running arglinb with nvar=1000 and mem=47
Running arglinb with nvar=1000 and mem=48
Running arglinb with nvar=1000 and mem=49
Running arglinb with nvar=1000 and mem=50
Running arglinb with nvar=1000 and mem=51
Running arglinb with nvar=1000 and mem=52
Running arglinb with nvar=1000 and mem=53
Running arglinb with nvar=1000 and mem=54
Running arglinb with nvar=1000 and mem=55
Running arglinb with nvar=1000 and mem=56
Running arglinb with nvar=1000 and mem=57
Running arglinb with nvar=1000 and mem=58
Running arglinb with nvar=1000 and mem=59
Running arglinb with nvar=1000 and mem=60
Running arglinb with nvar=1000 and mem=61
Running arglinb with nvar=1000 and mem=62
Running arglinb with nvar=1000 and mem=63
Running arglinb with nvar=1000 and mem=64
Running arglinb with nvar=1000 and mem=65
Running arglinb with nvar=1000 and mem=66
Running arglinb with nvar=1000 and mem=67
Running arglinb with nvar=1000 and mem=68
Running arglinb with nvar=1000 and mem=69
Running arglinb with nvar=1000 and mem=70
Running arglinb with nvar=1000 and mem=71
Running arglinb with nvar=1000 and mem=72
Running arglinb with nvar=1000 and mem=73
Running arglinb with nvar=1000 and mem=74
Running arglinb with nvar=1000 and mem=75
Running arglinb with nvar=1000 and mem=76
Running arglinb with nvar=1000 and mem=77
Running arglinb with nvar=1000 and mem=78
Running arglinb with nvar=1000 and mem=79
Running arglinb with nvar=1000 and mem=80
Running arglinb with nvar=1000 and mem=81
Running arglinb with nvar=1000 and mem=82
Running arglinb with nvar=1000 and mem=83
Running arglinb with nvar=1000 and mem=84
Running arglinb with nvar=1000 and mem=85
Running arglinb with nvar=1000 and mem=86
Running arglinb with nvar=1000 and mem=87
Running arglinb with nvar=1000 and mem=88
Running arglinb with nvar=1000 and mem=89
Running arglinb with nvar=1000 and mem=90
Running arglinb with nvar=1000 and mem=91
Running arglinb with nvar=1000 and mem=92
Running arglinb with nvar=1000 and mem=93
Running arglinb with nvar=1000 and mem=94
Running arglinb with nvar=1000 and mem=95
Running arglinb with nvar=1000 and mem=96
Running arglinb with nvar=1000 and mem=97
Running arglinb with nvar=1000 and mem=98
Running arglinb with nvar=1000 and mem=99
Running arglinb with nvar=1000 and mem=100
Running arglinc with nvar=1000 and mem=1
Running arglinc with nvar=1000 and mem=1
Running arglinc with nvar=1000 and mem=2
Running arglinc with nvar=1000 and mem=3
Running arglinc with nvar=1000 and mem=4
Running arglinc with nvar=1000 and mem=5
Running arglinc with nvar=1000 and mem=6
Running arglinc with nvar=1000 and mem=7
Running arglinc with nvar=1000 and mem=8
Running arglinc with nvar=1000 and mem=9
Running arglinc with nvar=1000 and mem=10
Running arglinc with nvar=1000 and mem=11
Running arglinc with nvar=1000 and mem=12
Running arglinc with nvar=1000 and mem=13
Running arglinc with nvar=1000 and mem=14
Running arglinc with nvar=1000 and mem=15
Running arglinc with nvar=1000 and mem=16
Running arglinc with nvar=1000 and mem=17
Running arglinc with nvar=1000 and mem=18
Running arglinc with nvar=1000 and mem=19
Running arglinc with nvar=1000 and mem=20
Running arglinc with nvar=1000 and mem=21
Running arglinc with nvar=1000 and mem=22
Running arglinc with nvar=1000 and mem=23
Running arglinc with nvar=1000 and mem=24
Running arglinc with nvar=1000 and mem=25
Running arglinc with nvar=1000 and mem=26
Running arglinc with nvar=1000 and mem=27
Running arglinc with nvar=1000 and mem=28
Running arglinc with nvar=1000 and mem=29
Running arglinc with nvar=1000 and mem=30
Running arglinc with nvar=1000 and mem=31
Running arglinc with nvar=1000 and mem=32
Running arglinc with nvar=1000 and mem=33
Running arglinc with nvar=1000 and mem=34
Running arglinc with nvar=1000 and mem=35
Running arglinc with nvar=1000 and mem=36
Running arglinc with nvar=1000 and mem=37
Running arglinc with nvar=1000 and mem=38
Running arglinc with nvar=1000 and mem=39
Running arglinc with nvar=1000 and mem=40
Running arglinc with nvar=1000 and mem=41
Running arglinc with nvar=1000 and mem=42
Running arglinc with nvar=1000 and mem=43
Running arglinc with nvar=1000 and mem=44
Running arglinc with nvar=1000 and mem=45
Running arglinc with nvar=1000 and mem=46
Running arglinc with nvar=1000 and mem=47
Running arglinc with nvar=1000 and mem=48
Running arglinc with nvar=1000 and mem=49
Running arglinc with nvar=1000 and mem=50
Running arglinc with nvar=1000 and mem=51
Running arglinc with nvar=1000 and mem=52
Running arglinc with nvar=1000 and mem=53
Running arglinc with nvar=1000 and mem=54
Running arglinc with nvar=1000 and mem=55
Running arglinc with nvar=1000 and mem=56
Running arglinc with nvar=1000 and mem=57
Running arglinc with nvar=1000 and mem=58
Running arglinc with nvar=1000 and mem=59
Running arglinc with nvar=1000 and mem=60
Running arglinc with nvar=1000 and mem=61
Running arglinc with nvar=1000 and mem=62
Running arglinc with nvar=1000 and mem=63
Running arglinc with nvar=1000 and mem=64
Running arglinc with nvar=1000 and mem=65
Running arglinc with nvar=1000 and mem=66
Running arglinc with nvar=1000 and mem=67
Running arglinc with nvar=1000 and mem=68
Running arglinc with nvar=1000 and mem=69
Running arglinc with nvar=1000 and mem=70
Running arglinc with nvar=1000 and mem=71
Running arglinc with nvar=1000 and mem=72
Running arglinc with nvar=1000 and mem=73
Running arglinc with nvar=1000 and mem=74
Running arglinc with nvar=1000 and mem=75
Running arglinc with nvar=1000 and mem=76
Running arglinc with nvar=1000 and mem=77
Running arglinc with nvar=1000 and mem=78
Running arglinc with nvar=1000 and mem=79
Running arglinc with nvar=1000 and mem=80
Running arglinc with nvar=1000 and mem=81
Running arglinc with nvar=1000 and mem=82
Running arglinc with nvar=1000 and mem=83
Running arglinc with nvar=1000 and mem=84
Running arglinc with nvar=1000 and mem=85
Running arglinc with nvar=1000 and mem=86
Running arglinc with nvar=1000 and mem=87
Running arglinc with nvar=1000 and mem=88
Running arglinc with nvar=1000 and mem=89
Running arglinc with nvar=1000 and mem=90
Running arglinc with nvar=1000 and mem=91
Running arglinc with nvar=1000 and mem=92
Running arglinc with nvar=1000 and mem=93
Running arglinc with nvar=1000 and mem=94
Running arglinc with nvar=1000 and mem=95
Running arglinc with nvar=1000 and mem=96
Running arglinc with nvar=1000 and mem=97
Running arglinc with nvar=1000 and mem=98
Running arglinc with nvar=1000 and mem=99
Running arglinc with nvar=1000 and mem=100
Running argtrig with nvar=1000 and mem=1
Running argtrig with nvar=1000 and mem=1
Running argtrig with nvar=1000 and mem=2
Running argtrig with nvar=1000 and mem=3
Running argtrig with nvar=1000 and mem=4
Running argtrig with nvar=1000 and mem=5
Running argtrig with nvar=1000 and mem=6
Running argtrig with nvar=1000 and mem=7
Running argtrig with nvar=1000 and mem=8
Running argtrig with nvar=1000 and mem=9
Running argtrig with nvar=1000 and mem=10
Running argtrig with nvar=1000 and mem=11
Running argtrig with nvar=1000 and mem=12
Running argtrig with nvar=1000 and mem=13
Running argtrig with nvar=1000 and mem=14
Running argtrig with nvar=1000 and mem=15
Running argtrig with nvar=1000 and mem=16
Running argtrig with nvar=1000 and mem=17
Running argtrig with nvar=1000 and mem=18
Running argtrig with nvar=1000 and mem=19
Running argtrig with nvar=1000 and mem=20
Running argtrig with nvar=1000 and mem=21
Running argtrig with nvar=1000 and mem=22
Running argtrig with nvar=1000 and mem=23
Running argtrig with nvar=1000 and mem=24
Running argtrig with nvar=1000 and mem=25
Running argtrig with nvar=1000 and mem=26
Running argtrig with nvar=1000 and mem=27
  Activating project at `~/OptimizationParameterTuning/Julia Notebook`
Status `~/OptimizationParameterTuning/Julia Notebook/Project.toml`
  [54578032] ADNLPModels v0.8.13
⌃ [6e4b80f9] BenchmarkTools v1.6.0
  [336ed68f] CSV v0.10.15
⌃ [a93c6f00] DataFrames v1.8.0
⌃ [7073ff75] IJulia v1.30.6
  [10dff2fc] JSOSolvers v0.14.3
  [ed6ae0be] JSOSuite v0.3.0
  [a4795742] NLPModels v0.21.5
  [5049e819] OptimizationProblems v0.9.2
  [ff4d7338] SolverCore v0.3.8
  [d076d87d] SolverParameters v0.1.2
Info Packages marked with ⌃ have new versions available and may be upgradable.
Running NZF1 with nvar=988 and mem=1
Running NZF1 with nvar=988 and mem=1
Running NZF1 with nvar=988 and mem=2
Running NZF1 with nvar=988 and mem=3
Running NZF1 with nvar=988 and mem=4
Running NZF1 with nvar=988 and mem=5
Running NZF1 with nvar=988 and mem=6
Running NZF1 with nvar=988 and mem=7
Running NZF1 with nvar=988 and mem=8
Running NZF1 with nvar=988 and mem=9
Running NZF1 with nvar=988 and mem=10
Running NZF1 with nvar=988 and mem=11
Running NZF1 with nvar=988 and mem=12
Running NZF1 with nvar=988 and mem=13
Running NZF1 with nvar=988 and mem=14
Running NZF1 with nvar=988 and mem=15
Running NZF1 with nvar=988 and mem=16
Running NZF1 with nvar=988 and mem=17
Running NZF1 with nvar=988 and mem=18
Running NZF1 with nvar=988 and mem=19
Running NZF1 with nvar=988 and mem=20
Running NZF1 with nvar=988 and mem=21
Running NZF1 with nvar=988 and mem=22
Running NZF1 with nvar=988 and mem=23
Running NZF1 with nvar=988 and mem=24
Running NZF1 with nvar=988 and mem=25
Running NZF1 with nvar=988 and mem=26
Running NZF1 with nvar=988 and mem=27
Running NZF1 with nvar=988 and mem=28
Running NZF1 with nvar=988 and mem=29
Running NZF1 with nvar=988 and mem=30
Running NZF1 with nvar=988 and mem=31
Running NZF1 with nvar=988 and mem=32
Running NZF1 with nvar=988 and mem=33
Running NZF1 with nvar=988 and mem=34
Running NZF1 with nvar=988 and mem=35
Running NZF1 with nvar=988 and mem=36
Running NZF1 with nvar=988 and mem=37
Running NZF1 with nvar=988 and mem=38
Running NZF1 with nvar=988 and mem=39
Running NZF1 with nvar=988 and mem=40
Running NZF1 with nvar=988 and mem=41
Running NZF1 with nvar=988 and mem=42
Running NZF1 with nvar=988 and mem=43
Running NZF1 with nvar=988 and mem=44
Running NZF1 with nvar=988 and mem=45
Running NZF1 with nvar=988 and mem=46
Running NZF1 with nvar=988 and mem=47
Running NZF1 with nvar=988 and mem=48
Running NZF1 with nvar=988 and mem=49
Running NZF1 with nvar=988 and mem=50
Running NZF1 with nvar=988 and mem=51
Running NZF1 with nvar=988 and mem=52
Running NZF1 with nvar=988 and mem=53
Running NZF1 with nvar=988 and mem=54
Running NZF1 with nvar=988 and mem=55
Running NZF1 with nvar=988 and mem=56
Running NZF1 with nvar=988 and mem=57
Running NZF1 with nvar=988 and mem=58
Running NZF1 with nvar=988 and mem=59
Running NZF1 with nvar=988 and mem=60
Running NZF1 with nvar=988 and mem=61
Running NZF1 with nvar=988 and mem=62
Running NZF1 with nvar=988 and mem=63
Running NZF1 with nvar=988 and mem=64
Running NZF1 with nvar=988 and mem=65
Running NZF1 with nvar=988 and mem=66
Running NZF1 with nvar=988 and mem=67
Running NZF1 with nvar=988 and mem=68
Running NZF1 with nvar=988 and mem=69
Running NZF1 with nvar=988 and mem=70
Running NZF1 with nvar=988 and mem=71
Running NZF1 with nvar=988 and mem=72
Running NZF1 with nvar=988 and mem=73
Running NZF1 with nvar=988 and mem=74
Running NZF1 with nvar=988 and mem=75
Running NZF1 with nvar=988 and mem=76
Running NZF1 with nvar=988 and mem=77
Running NZF1 with nvar=988 and mem=78
Running NZF1 with nvar=988 and mem=79
Running NZF1 with nvar=988 and mem=80
Running NZF1 with nvar=988 and mem=81
Running NZF1 with nvar=988 and mem=82
Running NZF1 with nvar=988 and mem=83
Running NZF1 with nvar=988 and mem=84
Running NZF1 with nvar=988 and mem=85
Running NZF1 with nvar=988 and mem=86
Running NZF1 with nvar=988 and mem=87
Running NZF1 with nvar=988 and mem=88
Running NZF1 with nvar=988 and mem=89
Running NZF1 with nvar=988 and mem=90
Running NZF1 with nvar=988 and mem=91
Running NZF1 with nvar=988 and mem=92
Running NZF1 with nvar=988 and mem=93
Running NZF1 with nvar=988 and mem=94
Running NZF1 with nvar=988 and mem=95
Running NZF1 with nvar=988 and mem=96
Running NZF1 with nvar=988 and mem=97
Running NZF1 with nvar=988 and mem=98
Running NZF1 with nvar=988 and mem=99
Running NZF1 with nvar=988 and mem=100
Running arglina with nvar=1000 and mem=1
Running arglina with nvar=1000 and mem=1
Running arglina with nvar=1000 and mem=2
Running arglina with nvar=1000 and mem=3
Running arglina with nvar=1000 and mem=4
Running arglina with nvar=1000 and mem=5
Running arglina with nvar=1000 and mem=6
Running arglina with nvar=1000 and mem=7
Running arglina with nvar=1000 and mem=8
Running arglina with nvar=1000 and mem=9
Running arglina with nvar=1000 and mem=10
Running arglina with nvar=1000 and mem=11
Running arglina with nvar=1000 and mem=12
Running arglina with nvar=1000 and mem=13
Running arglina with nvar=1000 and mem=14
Running arglina with nvar=1000 and mem=15
Running arglina with nvar=1000 and mem=16
Running arglina with nvar=1000 and mem=17
Running arglina with nvar=1000 and mem=18
Running arglina with nvar=1000 and mem=19
Running arglina with nvar=1000 and mem=20
Running arglina with nvar=1000 and mem=21
Running arglina with nvar=1000 and mem=22
Running arglina with nvar=1000 and mem=23
Running arglina with nvar=1000 and mem=24
Running arglina with nvar=1000 and mem=25
Running arglina with nvar=1000 and mem=26
Running arglina with nvar=1000 and mem=27
Running arglina with nvar=1000 and mem=28
Running arglina with nvar=1000 and mem=29
Running arglina with nvar=1000 and mem=30
Running arglina with nvar=1000 and mem=31
Running arglina with nvar=1000 and mem=32
Running arglina with nvar=1000 and mem=33
Running arglina with nvar=1000 and mem=34
Running arglina with nvar=1000 and mem=35
Running arglina with nvar=1000 and mem=36
Running arglina with nvar=1000 and mem=37
Running arglina with nvar=1000 and mem=38
Running arglina with nvar=1000 and mem=39
Running arglina with nvar=1000 and mem=40
Running arglina with nvar=1000 and mem=41
Running arglina with nvar=1000 and mem=42
Running arglina with nvar=1000 and mem=43
Running arglina with nvar=1000 and mem=44
Running arglina with nvar=1000 and mem=45
Running arglina with nvar=1000 and mem=46
Running arglina with nvar=1000 and mem=47
Running arglina with nvar=1000 and mem=48
Running arglina with nvar=1000 and mem=49
Running arglina with nvar=1000 and mem=50
Running arglina with nvar=1000 and mem=51
Running arglina with nvar=1000 and mem=52
Running arglina with nvar=1000 and mem=53
Running arglina with nvar=1000 and mem=54
Running arglina with nvar=1000 and mem=55
Running arglina with nvar=1000 and mem=56
Running arglina with nvar=1000 and mem=57
Running arglina with nvar=1000 and mem=58
Running arglina with nvar=1000 and mem=59
Running arglina with nvar=1000 and mem=60
Running arglina with nvar=1000 and mem=61
Running arglina with nvar=1000 and mem=62
Running arglina with nvar=1000 and mem=63
Running arglina with nvar=1000 and mem=64
Running arglina with nvar=1000 and mem=65
Running arglina with nvar=1000 and mem=66
Running arglina with nvar=1000 and mem=67
Running arglina with nvar=1000 and mem=68
Running arglina with nvar=1000 and mem=69
Running arglina with nvar=1000 and mem=70
Running arglina with nvar=1000 and mem=71
Running arglina with nvar=1000 and mem=72
Running arglina with nvar=1000 and mem=73
Running arglina with nvar=1000 and mem=74
Running arglina with nvar=1000 and mem=75
Running arglina with nvar=1000 and mem=76
Running arglina with nvar=1000 and mem=77
Running arglina with nvar=1000 and mem=78
Running arglina with nvar=1000 and mem=79
Running arglina with nvar=1000 and mem=80
Running arglina with nvar=1000 and mem=81
Running arglina with nvar=1000 and mem=82
Running arglina with nvar=1000 and mem=83
Running arglina with nvar=1000 and mem=84
Running arglina with nvar=1000 and mem=85
Running arglina with nvar=1000 and mem=86
Running arglina with nvar=1000 and mem=87
Running arglina with nvar=1000 and mem=88
Running arglina with nvar=1000 and mem=89
Running arglina with nvar=1000 and mem=90
Running arglina with nvar=1000 and mem=91
Running arglina with nvar=1000 and mem=92
Running arglina with nvar=1000 and mem=93
Running arglina with nvar=1000 and mem=94
Running arglina with nvar=1000 and mem=95
Running arglina with nvar=1000 and mem=96
Running arglina with nvar=1000 and mem=97
Running arglina with nvar=1000 and mem=98
Running arglina with nvar=1000 and mem=99
Running arglina with nvar=1000 and mem=100
Running arglinb with nvar=1000 and mem=1
Running arglinb with nvar=1000 and mem=1
Running arglinb with nvar=1000 and mem=2
Running arglinb with nvar=1000 and mem=3
Running arglinb with nvar=1000 and mem=4
Running arglinb with nvar=1000 and mem=5
Running arglinb with nvar=1000 and mem=6
Running arglinb with nvar=1000 and mem=7
Running arglinb with nvar=1000 and mem=8
Running arglinb with nvar=1000 and mem=9
Running arglinb with nvar=1000 and mem=10
Running arglinb with nvar=1000 and mem=11
Running arglinb with nvar=1000 and mem=12
Running arglinb with nvar=1000 and mem=13
Running arglinb with nvar=1000 and mem=14
Running arglinb with nvar=1000 and mem=15
Running arglinb with nvar=1000 and mem=16
Running arglinb with nvar=1000 and mem=17
Running arglinb with nvar=1000 and mem=18
Running arglinb with nvar=1000 and mem=19
Running arglinb with nvar=1000 and mem=20
Running arglinb with nvar=1000 and mem=21
Running arglinb with nvar=1000 and mem=22
Running arglinb with nvar=1000 and mem=23
Running arglinb with nvar=1000 and mem=24
Running arglinb with nvar=1000 and mem=25
Running arglinb with nvar=1000 and mem=26
Running arglinb with nvar=1000 and mem=27
Running arglinb with nvar=1000 and mem=28
Running arglinb with nvar=1000 and mem=29
Running arglinb with nvar=1000 and mem=30
Running arglinb with nvar=1000 and mem=31
Running arglinb with nvar=1000 and mem=32
Running arglinb with nvar=1000 and mem=33
Running arglinb with nvar=1000 and mem=34
Running arglinb with nvar=1000 and mem=35
Running arglinb with nvar=1000 and mem=36
Running arglinb with nvar=1000 and mem=37
Running arglinb with nvar=1000 and mem=38
Running arglinb with nvar=1000 and mem=39
Running arglinb with nvar=1000 and mem=40
Running arglinb with nvar=1000 and mem=41
Running arglinb with nvar=1000 and mem=42
Running arglinb with nvar=1000 and mem=43
Running arglinb with nvar=1000 and mem=44
Running arglinb with nvar=1000 and mem=45
Running arglinb with nvar=1000 and mem=46
Running arglinb with nvar=1000 and mem=47
Running arglinb with nvar=1000 and mem=48
Running arglinb with nvar=1000 and mem=49
Running arglinb with nvar=1000 and mem=50
Running arglinb with nvar=1000 and mem=51
Running arglinb with nvar=1000 and mem=52
Running arglinb with nvar=1000 and mem=53
Running arglinb with nvar=1000 and mem=54
Running arglinb with nvar=1000 and mem=55
Running arglinb with nvar=1000 and mem=56
Running arglinb with nvar=1000 and mem=57
Running arglinb with nvar=1000 and mem=58
Running arglinb with nvar=1000 and mem=59
Running arglinb with nvar=1000 and mem=60
Running arglinb with nvar=1000 and mem=61
Running arglinb with nvar=1000 and mem=62
Running arglinb with nvar=1000 and mem=63
Running arglinb with nvar=1000 and mem=64
Running arglinb with nvar=1000 and mem=65
Running arglinb with nvar=1000 and mem=66
Running arglinb with nvar=1000 and mem=67
Running arglinb with nvar=1000 and mem=68
Running arglinb with nvar=1000 and mem=69
Running arglinb with nvar=1000 and mem=70
Running arglinb with nvar=1000 and mem=71
Running arglinb with nvar=1000 and mem=72
Running arglinb with nvar=1000 and mem=73
Running arglinb with nvar=1000 and mem=74
Running arglinb with nvar=1000 and mem=75
Running arglinb with nvar=1000 and mem=76
Running arglinb with nvar=1000 and mem=77
Running arglinb with nvar=1000 and mem=78
Running arglinb with nvar=1000 and mem=79
Running arglinb with nvar=1000 and mem=80
Running arglinb with nvar=1000 and mem=81
Running arglinb with nvar=1000 and mem=82
Running arglinb with nvar=1000 and mem=83
Running arglinb with nvar=1000 and mem=84
Running arglinb with nvar=1000 and mem=85
Running arglinb with nvar=1000 and mem=86
Running arglinb with nvar=1000 and mem=87
Running arglinb with nvar=1000 and mem=88
Running arglinb with nvar=1000 and mem=89
Running arglinb with nvar=1000 and mem=90
Running arglinb with nvar=1000 and mem=91
Running arglinb with nvar=1000 and mem=92
Running arglinb with nvar=1000 and mem=93
Running arglinb with nvar=1000 and mem=94
Running arglinb with nvar=1000 and mem=95
Running arglinb with nvar=1000 and mem=96
Running arglinb with nvar=1000 and mem=97
Running arglinb with nvar=1000 and mem=98
Running arglinb with nvar=1000 and mem=99
Running arglinb with nvar=1000 and mem=100
Running arglinc with nvar=1000 and mem=1
Running arglinc with nvar=1000 and mem=1
Running arglinc with nvar=1000 and mem=2
Running arglinc with nvar=1000 and mem=3
Running arglinc with nvar=1000 and mem=4
Running arglinc with nvar=1000 and mem=5
Running arglinc with nvar=1000 and mem=6
Running arglinc with nvar=1000 and mem=7
Running arglinc with nvar=1000 and mem=8
Running arglinc with nvar=1000 and mem=9
Running arglinc with nvar=1000 and mem=10
Running arglinc with nvar=1000 and mem=11
Running arglinc with nvar=1000 and mem=12
Running arglinc with nvar=1000 and mem=13
Running arglinc with nvar=1000 and mem=14
Running arglinc with nvar=1000 and mem=15
Running arglinc with nvar=1000 and mem=16
Running arglinc with nvar=1000 and mem=17
Running arglinc with nvar=1000 and mem=18
Running arglinc with nvar=1000 and mem=19
Running arglinc with nvar=1000 and mem=20
Running arglinc with nvar=1000 and mem=21
Running arglinc with nvar=1000 and mem=22
Running arglinc with nvar=1000 and mem=23
Running arglinc with nvar=1000 and mem=24
Running arglinc with nvar=1000 and mem=25
Running arglinc with nvar=1000 and mem=26
Running arglinc with nvar=1000 and mem=27
Running arglinc with nvar=1000 and mem=28
Running arglinc with nvar=1000 and mem=29
Running arglinc with nvar=1000 and mem=30
Running arglinc with nvar=1000 and mem=31
Running arglinc with nvar=1000 and mem=32
Running arglinc with nvar=1000 and mem=33
Running arglinc with nvar=1000 and mem=34
Running arglinc with nvar=1000 and mem=35
Running arglinc with nvar=1000 and mem=36
Running arglinc with nvar=1000 and mem=37
Running arglinc with nvar=1000 and mem=38
Running arglinc with nvar=1000 and mem=39
Running arglinc with nvar=1000 and mem=40
Running arglinc with nvar=1000 and mem=41
Running arglinc with nvar=1000 and mem=42
Running arglinc with nvar=1000 and mem=43
Running arglinc with nvar=1000 and mem=44
Running arglinc with nvar=1000 and mem=45
Running arglinc with nvar=1000 and mem=46
Running arglinc with nvar=1000 and mem=47
Running arglinc with nvar=1000 and mem=48
Running arglinc with nvar=1000 and mem=49
Running arglinc with nvar=1000 and mem=50
Running arglinc with nvar=1000 and mem=51
Running arglinc with nvar=1000 and mem=52
Running arglinc with nvar=1000 and mem=53
Running arglinc with nvar=1000 and mem=54
Running arglinc with nvar=1000 and mem=55
Running arglinc with nvar=1000 and mem=56
Running arglinc with nvar=1000 and mem=57
Running arglinc with nvar=1000 and mem=58
Running arglinc with nvar=1000 and mem=59
Running arglinc with nvar=1000 and mem=60
Running arglinc with nvar=1000 and mem=61
Running arglinc with nvar=1000 and mem=62
Running arglinc with nvar=1000 and mem=63
Running arglinc with nvar=1000 and mem=64
Running arglinc with nvar=1000 and mem=65
Running arglinc with nvar=1000 and mem=66
Running arglinc with nvar=1000 and mem=67
Running arglinc with nvar=1000 and mem=68
Running arglinc with nvar=1000 and mem=69
Running arglinc with nvar=1000 and mem=70
Running arglinc with nvar=1000 and mem=71
Running arglinc with nvar=1000 and mem=72
Running arglinc with nvar=1000 and mem=73
Running arglinc with nvar=1000 and mem=74
Running arglinc with nvar=1000 and mem=75
Running arglinc with nvar=1000 and mem=76
Running arglinc with nvar=1000 and mem=77
Running arglinc with nvar=1000 and mem=78
Running arglinc with nvar=1000 and mem=79
Running arglinc with nvar=1000 and mem=80
Running arglinc with nvar=1000 and mem=81
Running arglinc with nvar=1000 and mem=82
Running arglinc with nvar=1000 and mem=83
Running arglinc with nvar=1000 and mem=84
Running arglinc with nvar=1000 and mem=85
Running arglinc with nvar=1000 and mem=86
Running arglinc with nvar=1000 and mem=87
Running arglinc with nvar=1000 and mem=88
Running arglinc with nvar=1000 and mem=89
Running arglinc with nvar=1000 and mem=90
Running arglinc with nvar=1000 and mem=91
Running arglinc with nvar=1000 and mem=92
Running arglinc with nvar=1000 and mem=93
Running arglinc with nvar=1000 and mem=94
Running arglinc with nvar=1000 and mem=95
Running arglinc with nvar=1000 and mem=96
Running arglinc with nvar=1000 and mem=97
Running arglinc with nvar=1000 and mem=98
Running arglinc with nvar=1000 and mem=99
Running arglinc with nvar=1000 and mem=100
Running argtrig with nvar=1000 and mem=1
Running argtrig with nvar=1000 and mem=1
Running argtrig with nvar=1000 and mem=2
Running argtrig with nvar=1000 and mem=3
Running argtrig with nvar=1000 and mem=4
Running argtrig with nvar=1000 and mem=5
Running argtrig with nvar=1000 and mem=6
Running argtrig with nvar=1000 and mem=7
Running argtrig with nvar=1000 and mem=8
Running argtrig with nvar=1000 and mem=9
Running argtrig with nvar=1000 and mem=10
Running argtrig with nvar=1000 and mem=11
Running argtrig with nvar=1000 and mem=12
Running argtrig with nvar=1000 and mem=13
Running argtrig with nvar=1000 and mem=14
Running argtrig with nvar=1000 and mem=15
Running argtrig with nvar=1000 and mem=16
Running argtrig with nvar=1000 and mem=17
Running argtrig with nvar=1000 and mem=18
Running argtrig with nvar=1000 and mem=19
Running argtrig with nvar=1000 and mem=20
Running argtrig with nvar=1000 and mem=21
Running argtrig with nvar=1000 and mem=22
Running argtrig with nvar=1000 and mem=23
Running argtrig with nvar=1000 and mem=24
Running argtrig with nvar=1000 and mem=25
Running argtrig with nvar=1000 and mem=26
Running argtrig with nvar=1000 and mem=27
Running argtrig with nvar=1000 and mem=28
Running argtrig with nvar=1000 and mem=29
Running argtrig with nvar=1000 and mem=30
Running argtrig with nvar=1000 and mem=31
Running argtrig with nvar=1000 and mem=32
Running argtrig with nvar=1000 and mem=33
Running argtrig with nvar=1000 and mem=34
Running argtrig with nvar=1000 and mem=35
Running argtrig with nvar=1000 and mem=36
Running argtrig with nvar=1000 and mem=37
Running argtrig with nvar=1000 and mem=38
Running argtrig with nvar=1000 and mem=39
Running argtrig with nvar=1000 and mem=40
Running argtrig with nvar=1000 and mem=41
Running argtrig with nvar=1000 and mem=42
Running argtrig with nvar=1000 and mem=43
Running argtrig with nvar=1000 and mem=44
Running argtrig with nvar=1000 and mem=45
Running argtrig with nvar=1000 and mem=46
Running argtrig with nvar=1000 and mem=47
Running argtrig with nvar=1000 and mem=48
Running argtrig with nvar=1000 and mem=49
Running argtrig with nvar=1000 and mem=50
Running argtrig with nvar=1000 and mem=51
Running argtrig with nvar=1000 and mem=52
Running argtrig with nvar=1000 and mem=53
Running argtrig with nvar=1000 and mem=54
Running argtrig with nvar=1000 and mem=55
Running argtrig with nvar=1000 and mem=56
Running argtrig with nvar=1000 and mem=57
Running argtrig with nvar=1000 and mem=58
Running argtrig with nvar=1000 and mem=59
Running argtrig with nvar=1000 and mem=60
Running argtrig with nvar=1000 and mem=61
Running argtrig with nvar=1000 and mem=62
Running argtrig with nvar=1000 and mem=63
Running argtrig with nvar=1000 and mem=64
Running argtrig with nvar=1000 and mem=65
Running argtrig with nvar=1000 and mem=66
Running argtrig with nvar=1000 and mem=67
Running argtrig with nvar=1000 and mem=68
Running argtrig with nvar=1000 and mem=69
Running argtrig with nvar=1000 and mem=70
Running argtrig with nvar=1000 and mem=71
Running argtrig with nvar=1000 and mem=72
Running argtrig with nvar=1000 and mem=73
Running argtrig with nvar=1000 and mem=74
Running argtrig with nvar=1000 and mem=75
Running argtrig with nvar=1000 and mem=76
Running argtrig with nvar=1000 and mem=77
Running argtrig with nvar=1000 and mem=78
Running argtrig with nvar=1000 and mem=79
Running argtrig with nvar=1000 and mem=80
Running argtrig with nvar=1000 and mem=81
Running argtrig with nvar=1000 and mem=82
Running argtrig with nvar=1000 and mem=83
Running argtrig with nvar=1000 and mem=84
Running argtrig with nvar=1000 and mem=85
Running argtrig with nvar=1000 and mem=86
Running argtrig with nvar=1000 and mem=87
Running argtrig with nvar=1000 and mem=88
Running argtrig with nvar=1000 and mem=89
Running argtrig with nvar=1000 and mem=90
Running argtrig with nvar=1000 and mem=91
Running argtrig with nvar=1000 and mem=92
Running argtrig with nvar=1000 and mem=93
Running argtrig with nvar=1000 and mem=94
Running argtrig with nvar=1000 and mem=95
Running argtrig with nvar=1000 and mem=96
Running argtrig with nvar=1000 and mem=97
Running argtrig with nvar=1000 and mem=98
Running argtrig with nvar=1000 and mem=99
Running argtrig with nvar=1000 and mem=100
Running arwhead with nvar=1000 and mem=1
Running arwhead with nvar=1000 and mem=1
Running arwhead with nvar=1000 and mem=2
Running arwhead with nvar=1000 and mem=3
Running arwhead with nvar=1000 and mem=4
Running arwhead with nvar=1000 and mem=5
Running arwhead with nvar=1000 and mem=6
Running arwhead with nvar=1000 and mem=7
Running arwhead with nvar=1000 and mem=8
Running arwhead with nvar=1000 and mem=9
Running arwhead with nvar=1000 and mem=10
Running arwhead with nvar=1000 and mem=11
Running arwhead with nvar=1000 and mem=12
Running arwhead with nvar=1000 and mem=13
Running arwhead with nvar=1000 and mem=14
Running arwhead with nvar=1000 and mem=15
Running arwhead with nvar=1000 and mem=16
Running arwhead with nvar=1000 and mem=17
Running arwhead with nvar=1000 and mem=18
Running arwhead with nvar=1000 and mem=19
Running arwhead with nvar=1000 and mem=20
Running arwhead with nvar=1000 and mem=21
Running arwhead with nvar=1000 and mem=22
Running arwhead with nvar=1000 and mem=23
Running arwhead with nvar=1000 and mem=24
Running arwhead with nvar=1000 and mem=25
Running arwhead with nvar=1000 and mem=26
Running arwhead with nvar=1000 and mem=27
Running arwhead with nvar=1000 and mem=28
Running arwhead with nvar=1000 and mem=29
Running arwhead with nvar=1000 and mem=30
Running arwhead with nvar=1000 and mem=31
Running arwhead with nvar=1000 and mem=32
Running arwhead with nvar=1000 and mem=33
Running arwhead with nvar=1000 and mem=34
Running arwhead with nvar=1000 and mem=35
Running arwhead with nvar=1000 and mem=36
Running arwhead with nvar=1000 and mem=37
Running arwhead with nvar=1000 and mem=38
Running arwhead with nvar=1000 and mem=39
Running arwhead with nvar=1000 and mem=40
Running arwhead with nvar=1000 and mem=41
Running arwhead with nvar=1000 and mem=42
Running arwhead with nvar=1000 and mem=43
Running arwhead with nvar=1000 and mem=44
Running arwhead with nvar=1000 and mem=45
Running arwhead with nvar=1000 and mem=46
Running arwhead with nvar=1000 and mem=47
Running arwhead with nvar=1000 and mem=48
Running arwhead with nvar=1000 and mem=49
Running arwhead with nvar=1000 and mem=50
Running arwhead with nvar=1000 and mem=51
Running arwhead with nvar=1000 and mem=52
Running arwhead with nvar=1000 and mem=53
Running arwhead with nvar=1000 and mem=54
Running arwhead with nvar=1000 and mem=55
Running arwhead with nvar=1000 and mem=56
Running arwhead with nvar=1000 and mem=57
Running arwhead with nvar=1000 and mem=58
Running arwhead with nvar=1000 and mem=59
Running arwhead with nvar=1000 and mem=60
Running arwhead with nvar=1000 and mem=61
Running arwhead with nvar=1000 and mem=62
Running arwhead with nvar=1000 and mem=63
Running arwhead with nvar=1000 and mem=64
Running arwhead with nvar=1000 and mem=65
Running arwhead with nvar=1000 and mem=66
Running arwhead with nvar=1000 and mem=67
Running arwhead with nvar=1000 and mem=68
Running arwhead with nvar=1000 and mem=69
Running arwhead with nvar=1000 and mem=70
Running arwhead with nvar=1000 and mem=71
Running arwhead with nvar=1000 and mem=72
Running arwhead with nvar=1000 and mem=73
Running arwhead with nvar=1000 and mem=74
Running arwhead with nvar=1000 and mem=75
Running arwhead with nvar=1000 and mem=76
Running arwhead with nvar=1000 and mem=77
Running arwhead with nvar=1000 and mem=78
Running arwhead with nvar=1000 and mem=79
Running arwhead with nvar=1000 and mem=80
Running arwhead with nvar=1000 and mem=81
Running arwhead with nvar=1000 and mem=82
Running arwhead with nvar=1000 and mem=83
Running arwhead with nvar=1000 and mem=84
Running arwhead with nvar=1000 and mem=85
Running arwhead with nvar=1000 and mem=86
Running arwhead with nvar=1000 and mem=87
Running arwhead with nvar=1000 and mem=88
Running arwhead with nvar=1000 and mem=89
Running arwhead with nvar=1000 and mem=90
Running arwhead with nvar=1000 and mem=91
Running arwhead with nvar=1000 and mem=92
Running arwhead with nvar=1000 and mem=93
Running arwhead with nvar=1000 and mem=94
Running arwhead with nvar=1000 and mem=95
Running arwhead with nvar=1000 and mem=96
Running arwhead with nvar=1000 and mem=97
Running arwhead with nvar=1000 and mem=98
Running arwhead with nvar=1000 and mem=99
Running arwhead with nvar=1000 and mem=100
Running bdqrtic with nvar=1000 and mem=1
Running bdqrtic with nvar=1000 and mem=1
Running bdqrtic with nvar=1000 and mem=2
Running bdqrtic with nvar=1000 and mem=3
Running bdqrtic with nvar=1000 and mem=4
Running bdqrtic with nvar=1000 and mem=5
Running bdqrtic with nvar=1000 and mem=6
Running bdqrtic with nvar=1000 and mem=7
Running bdqrtic with nvar=1000 and mem=8
Running bdqrtic with nvar=1000 and mem=9
Running bdqrtic with nvar=1000 and mem=10
Running bdqrtic with nvar=1000 and mem=11
Running bdqrtic with nvar=1000 and mem=12
Running bdqrtic with nvar=1000 and mem=13
Running bdqrtic with nvar=1000 and mem=14
Running bdqrtic with nvar=1000 and mem=15
Running bdqrtic with nvar=1000 and mem=16
Running bdqrtic with nvar=1000 and mem=17
Running bdqrtic with nvar=1000 and mem=18
Running bdqrtic with nvar=1000 and mem=19
Running bdqrtic with nvar=1000 and mem=20
Running bdqrtic with nvar=1000 and mem=21
Running bdqrtic with nvar=1000 and mem=22
Running bdqrtic with nvar=1000 and mem=23
Running bdqrtic with nvar=1000 and mem=24
Running bdqrtic with nvar=1000 and mem=25
Running bdqrtic with nvar=1000 and mem=26
Running bdqrtic with nvar=1000 and mem=27
Running bdqrtic with nvar=1000 and mem=28
Running bdqrtic with nvar=1000 and mem=29
Running bdqrtic with nvar=1000 and mem=30
Running bdqrtic with nvar=1000 and mem=31
Running bdqrtic with nvar=1000 and mem=32
Running bdqrtic with nvar=1000 and mem=33
Running bdqrtic with nvar=1000 and mem=34
Running bdqrtic with nvar=1000 and mem=35
Running bdqrtic with nvar=1000 and mem=36
Running bdqrtic with nvar=1000 and mem=37
Running bdqrtic with nvar=1000 and mem=38
Running bdqrtic with nvar=1000 and mem=39
Running bdqrtic with nvar=1000 and mem=40
Running bdqrtic with nvar=1000 and mem=41
Running bdqrtic with nvar=1000 and mem=42
Running bdqrtic with nvar=1000 and mem=43
Running bdqrtic with nvar=1000 and mem=44
Running bdqrtic with nvar=1000 and mem=45
Running bdqrtic with nvar=1000 and mem=46
Running bdqrtic with nvar=1000 and mem=47
Running bdqrtic with nvar=1000 and mem=48
Running bdqrtic with nvar=1000 and mem=49
Running bdqrtic with nvar=1000 and mem=50
Running bdqrtic with nvar=1000 and mem=51
Running bdqrtic with nvar=1000 and mem=52
Running bdqrtic with nvar=1000 and mem=53
Running bdqrtic with nvar=1000 and mem=54
Running bdqrtic with nvar=1000 and mem=55
Running bdqrtic with nvar=1000 and mem=56
Running bdqrtic with nvar=1000 and mem=57
Running bdqrtic with nvar=1000 and mem=58
Running bdqrtic with nvar=1000 and mem=59
Running bdqrtic with nvar=1000 and mem=60
Running bdqrtic with nvar=1000 and mem=61
Running bdqrtic with nvar=1000 and mem=62
Running bdqrtic with nvar=1000 and mem=63
Running bdqrtic with nvar=1000 and mem=64
Running bdqrtic with nvar=1000 and mem=65
Running bdqrtic with nvar=1000 and mem=66
Running bdqrtic with nvar=1000 and mem=67
Running bdqrtic with nvar=1000 and mem=68
Running bdqrtic with nvar=1000 and mem=69
Running bdqrtic with nvar=1000 and mem=70
Running bdqrtic with nvar=1000 and mem=71
Running bdqrtic with nvar=1000 and mem=72
Running bdqrtic with nvar=1000 and mem=73
Running bdqrtic with nvar=1000 and mem=74
Running bdqrtic with nvar=1000 and mem=75
Running bdqrtic with nvar=1000 and mem=76
Running bdqrtic with nvar=1000 and mem=77
Running bdqrtic with nvar=1000 and mem=78
Running bdqrtic with nvar=1000 and mem=79
Running bdqrtic with nvar=1000 and mem=80
Running bdqrtic with nvar=1000 and mem=81
Running bdqrtic with nvar=1000 and mem=82
Running bdqrtic with nvar=1000 and mem=83
Running bdqrtic with nvar=1000 and mem=84
Running bdqrtic with nvar=1000 and mem=85
Running bdqrtic with nvar=1000 and mem=86
Running bdqrtic with nvar=1000 and mem=87
Running bdqrtic with nvar=1000 and mem=88
Running bdqrtic with nvar=1000 and mem=89
Running bdqrtic with nvar=1000 and mem=90
Running bdqrtic with nvar=1000 and mem=91
Running bdqrtic with nvar=1000 and mem=92
Running bdqrtic with nvar=1000 and mem=93
Running bdqrtic with nvar=1000 and mem=94
Running bdqrtic with nvar=1000 and mem=95
Running bdqrtic with nvar=1000 and mem=96
Running bdqrtic with nvar=1000 and mem=97
Running bdqrtic with nvar=1000 and mem=98
Running bdqrtic with nvar=1000 and mem=99
Running bdqrtic with nvar=1000 and mem=100
Running brownal with nvar=1000 and mem=1
Running brownal with nvar=1000 and mem=1
Running brownal with nvar=1000 and mem=2
Running brownal with nvar=1000 and mem=3
Running brownal with nvar=1000 and mem=4
Running brownal with nvar=1000 and mem=5
Running brownal with nvar=1000 and mem=6
Running brownal with nvar=1000 and mem=7
Running brownal with nvar=1000 and mem=8
Running brownal with nvar=1000 and mem=9
Running brownal with nvar=1000 and mem=10
Running brownal with nvar=1000 and mem=11
Running brownal with nvar=1000 and mem=12
Running brownal with nvar=1000 and mem=13
Running brownal with nvar=1000 and mem=14
Running brownal with nvar=1000 and mem=15
Running brownal with nvar=1000 and mem=16
Running brownal with nvar=1000 and mem=17
Running brownal with nvar=1000 and mem=18
Running brownal with nvar=1000 and mem=19
Running brownal with nvar=1000 and mem=20
Running brownal with nvar=1000 and mem=21
Running brownal with nvar=1000 and mem=22
Running brownal with nvar=1000 and mem=23
Running brownal with nvar=1000 and mem=24
Running brownal with nvar=1000 and mem=25
Running brownal with nvar=1000 and mem=26
Running brownal with nvar=1000 and mem=27
Running brownal with nvar=1000 and mem=28
Running brownal with nvar=1000 and mem=29
Running brownal with nvar=1000 and mem=30
Running brownal with nvar=1000 and mem=31
Running brownal with nvar=1000 and mem=32
Running brownal with nvar=1000 and mem=33
Running brownal with nvar=1000 and mem=34
Running brownal with nvar=1000 and mem=35
Running brownal with nvar=1000 and mem=36
Running brownal with nvar=1000 and mem=37
Running brownal with nvar=1000 and mem=38
Running brownal with nvar=1000 and mem=39
Running brownal with nvar=1000 and mem=40
Running brownal with nvar=1000 and mem=41
Running brownal with nvar=1000 and mem=42
Running brownal with nvar=1000 and mem=43
Running brownal with nvar=1000 and mem=44
Running brownal with nvar=1000 and mem=45
Running brownal with nvar=1000 and mem=46
Running brownal with nvar=1000 and mem=47
Running brownal with nvar=1000 and mem=48
Running brownal with nvar=1000 and mem=49
Running brownal with nvar=1000 and mem=50
Running brownal with nvar=1000 and mem=51
Running brownal with nvar=1000 and mem=52
Running brownal with nvar=1000 and mem=53
Running brownal with nvar=1000 and mem=54
Running brownal with nvar=1000 and mem=55
Running brownal with nvar=1000 and mem=56
Running brownal with nvar=1000 and mem=57
Running brownal with nvar=1000 and mem=58
Running brownal with nvar=1000 and mem=59
Running brownal with nvar=1000 and mem=60
Running brownal with nvar=1000 and mem=61
Running brownal with nvar=1000 and mem=62
Running brownal with nvar=1000 and mem=63
Running brownal with nvar=1000 and mem=64
Running brownal with nvar=1000 and mem=65
Running brownal with nvar=1000 and mem=66
Running brownal with nvar=1000 and mem=67
Running brownal with nvar=1000 and mem=68
Running brownal with nvar=1000 and mem=69
Running brownal with nvar=1000 and mem=70
Running brownal with nvar=1000 and mem=71
Running brownal with nvar=1000 and mem=72
Running brownal with nvar=1000 and mem=73
Running brownal with nvar=1000 and mem=74
Running brownal with nvar=1000 and mem=75
Running brownal with nvar=1000 and mem=76
Running brownal with nvar=1000 and mem=77
Running brownal with nvar=1000 and mem=78
Running brownal with nvar=1000 and mem=79
Running brownal with nvar=1000 and mem=80
Running brownal with nvar=1000 and mem=81
Running brownal with nvar=1000 and mem=82
Running brownal with nvar=1000 and mem=83
Running brownal with nvar=1000 and mem=84
Running brownal with nvar=1000 and mem=85
Running brownal with nvar=1000 and mem=86
Running brownal with nvar=1000 and mem=87
Running brownal with nvar=1000 and mem=88
Running brownal with nvar=1000 and mem=89
Running brownal with nvar=1000 and mem=90
Running brownal with nvar=1000 and mem=91
Running brownal with nvar=1000 and mem=92
Running brownal with nvar=1000 and mem=93
Running brownal with nvar=1000 and mem=94
Running brownal with nvar=1000 and mem=95
Running brownal with nvar=1000 and mem=96
Running brownal with nvar=1000 and mem=97
Running brownal with nvar=1000 and mem=98
Running brownal with nvar=1000 and mem=99
Running brownal with nvar=1000 and mem=100
Running broyden3d with nvar=1000 and mem=1
Running broyden3d with nvar=1000 and mem=1
Running broyden3d with nvar=1000 and mem=2
Running broyden3d with nvar=1000 and mem=3
Running broyden3d with nvar=1000 and mem=4
Running broyden3d with nvar=1000 and mem=5
Running broyden3d with nvar=1000 and mem=6
Running broyden3d with nvar=1000 and mem=7
Running broyden3d with nvar=1000 and mem=8
Running broyden3d with nvar=1000 and mem=9
Running broyden3d with nvar=1000 and mem=10
Running broyden3d with nvar=1000 and mem=11
Running broyden3d with nvar=1000 and mem=12
Running broyden3d with nvar=1000 and mem=13
Running broyden3d with nvar=1000 and mem=14
Running broyden3d with nvar=1000 and mem=15
Running broyden3d with nvar=1000 and mem=16
Running broyden3d with nvar=1000 and mem=17
Running broyden3d with nvar=1000 and mem=18
Running broyden3d with nvar=1000 and mem=19
Running broyden3d with nvar=1000 and mem=20
Running broyden3d with nvar=1000 and mem=21
Running broyden3d with nvar=1000 and mem=22
Running broyden3d with nvar=1000 and mem=23
Running broyden3d with nvar=1000 and mem=24
Running broyden3d with nvar=1000 and mem=25
Running broyden3d with nvar=1000 and mem=26
Running broyden3d with nvar=1000 and mem=27
Running broyden3d with nvar=1000 and mem=28
Running broyden3d with nvar=1000 and mem=29
Running broyden3d with nvar=1000 and mem=30
Running broyden3d with nvar=1000 and mem=31
Running broyden3d with nvar=1000 and mem=32
Running broyden3d with nvar=1000 and mem=33
Running broyden3d with nvar=1000 and mem=34
Running broyden3d with nvar=1000 and mem=35
Running broyden3d with nvar=1000 and mem=36
Running broyden3d with nvar=1000 and mem=37
Running broyden3d with nvar=1000 and mem=38
Running broyden3d with nvar=1000 and mem=39
Running broyden3d with nvar=1000 and mem=40
Running broyden3d with nvar=1000 and mem=41
Running broyden3d with nvar=1000 and mem=42
Running broyden3d with nvar=1000 and mem=43
Running broyden3d with nvar=1000 and mem=44
Running broyden3d with nvar=1000 and mem=45
Running broyden3d with nvar=1000 and mem=46
Running broyden3d with nvar=1000 and mem=47
Running broyden3d with nvar=1000 and mem=48
Running broyden3d with nvar=1000 and mem=49
Running broyden3d with nvar=1000 and mem=50
Running broyden3d with nvar=1000 and mem=51
Running broyden3d with nvar=1000 and mem=52
Running broyden3d with nvar=1000 and mem=53
Running broyden3d with nvar=1000 and mem=54
Running broyden3d with nvar=1000 and mem=55
Running broyden3d with nvar=1000 and mem=56
Running broyden3d with nvar=1000 and mem=57
Running broyden3d with nvar=1000 and mem=58
Running broyden3d with nvar=1000 and mem=59
Running broyden3d with nvar=1000 and mem=60
Running broyden3d with nvar=1000 and mem=61
Running broyden3d with nvar=1000 and mem=62
Running broyden3d with nvar=1000 and mem=63
Running broyden3d with nvar=1000 and mem=64
Running broyden3d with nvar=1000 and mem=65
Running broyden3d with nvar=1000 and mem=66
Running broyden3d with nvar=1000 and mem=67
Running broyden3d with nvar=1000 and mem=68
Running broyden3d with nvar=1000 and mem=69
Running broyden3d with nvar=1000 and mem=70
Running broyden3d with nvar=1000 and mem=71
Running broyden3d with nvar=1000 and mem=72
Running broyden3d with nvar=1000 and mem=73
Running broyden3d with nvar=1000 and mem=74
Running broyden3d with nvar=1000 and mem=75
Running broyden3d with nvar=1000 and mem=76
Running broyden3d with nvar=1000 and mem=77
Running broyden3d with nvar=1000 and mem=78
Running broyden3d with nvar=1000 and mem=79
Running broyden3d with nvar=1000 and mem=80
Running broyden3d with nvar=1000 and mem=81
Running broyden3d with nvar=1000 and mem=82
Running broyden3d with nvar=1000 and mem=83
Running broyden3d with nvar=1000 and mem=84
Running broyden3d with nvar=1000 and mem=85
Running broyden3d with nvar=1000 and mem=86
Running broyden3d with nvar=1000 and mem=87
Running broyden3d with nvar=1000 and mem=88
Running broyden3d with nvar=1000 and mem=89
Running broyden3d with nvar=1000 and mem=90
Running broyden3d with nvar=1000 and mem=91
Running broyden3d with nvar=1000 and mem=92
Running broyden3d with nvar=1000 and mem=93
Running broyden3d with nvar=1000 and mem=94
Running broyden3d with nvar=1000 and mem=95
Running broyden3d with nvar=1000 and mem=96
Running broyden3d with nvar=1000 and mem=97
Running broyden3d with nvar=1000 and mem=98
Running broyden3d with nvar=1000 and mem=99
Running broyden3d with nvar=1000 and mem=100
Running broydn7d with nvar=1000 and mem=1
Running broydn7d with nvar=1000 and mem=1
Running broydn7d with nvar=1000 and mem=2
Running broydn7d with nvar=1000 and mem=3
Running broydn7d with nvar=1000 and mem=4
Running broydn7d with nvar=1000 and mem=5
Running broydn7d with nvar=1000 and mem=6
Running broydn7d with nvar=1000 and mem=7
Running broydn7d with nvar=1000 and mem=8
Running broydn7d with nvar=1000 and mem=9
Running broydn7d with nvar=1000 and mem=10
Running broydn7d with nvar=1000 and mem=11
Running broydn7d with nvar=1000 and mem=12
Running broydn7d with nvar=1000 and mem=13
Running broydn7d with nvar=1000 and mem=14
Running broydn7d with nvar=1000 and mem=15
Running broydn7d with nvar=1000 and mem=16
Running broydn7d with nvar=1000 and mem=17
Running broydn7d with nvar=1000 and mem=18
Running broydn7d with nvar=1000 and mem=19
Running broydn7d with nvar=1000 and mem=20
Running broydn7d with nvar=1000 and mem=21
Running broydn7d with nvar=1000 and mem=22
Running broydn7d with nvar=1000 and mem=23
Running broydn7d with nvar=1000 and mem=24
Running broydn7d with nvar=1000 and mem=25
Running broydn7d with nvar=1000 and mem=26
Running broydn7d with nvar=1000 and mem=27
Running broydn7d with nvar=1000 and mem=28
Running broydn7d with nvar=1000 and mem=29
Running broydn7d with nvar=1000 and mem=30
Running broydn7d with nvar=1000 and mem=31
Running broydn7d with nvar=1000 and mem=32
Running broydn7d with nvar=1000 and mem=33
Running broydn7d with nvar=1000 and mem=34
Running broydn7d with nvar=1000 and mem=35
Running broydn7d with nvar=1000 and mem=36
Running broydn7d with nvar=1000 and mem=37
Running broydn7d with nvar=1000 and mem=38
Running broydn7d with nvar=1000 and mem=39
Running broydn7d with nvar=1000 and mem=40
Running broydn7d with nvar=1000 and mem=41
Running broydn7d with nvar=1000 and mem=42
Running broydn7d with nvar=1000 and mem=43
Running broydn7d with nvar=1000 and mem=44
Running broydn7d with nvar=1000 and mem=45
Running broydn7d with nvar=1000 and mem=46
Running broydn7d with nvar=1000 and mem=47
Running broydn7d with nvar=1000 and mem=48
Running broydn7d with nvar=1000 and mem=49
Running broydn7d with nvar=1000 and mem=50
Running broydn7d with nvar=1000 and mem=51
Running broydn7d with nvar=1000 and mem=52
Running broydn7d with nvar=1000 and mem=53
Running broydn7d with nvar=1000 and mem=54
Running broydn7d with nvar=1000 and mem=55
Running broydn7d with nvar=1000 and mem=56
Running broydn7d with nvar=1000 and mem=57
Running broydn7d with nvar=1000 and mem=58
Running broydn7d with nvar=1000 and mem=59
Running broydn7d with nvar=1000 and mem=60
Running broydn7d with nvar=1000 and mem=61
Running broydn7d with nvar=1000 and mem=62
Running broydn7d with nvar=1000 and mem=63
Running broydn7d with nvar=1000 and mem=64
Running broydn7d with nvar=1000 and mem=65
Running broydn7d with nvar=1000 and mem=66
Running broydn7d with nvar=1000 and mem=67
Running broydn7d with nvar=1000 and mem=68
Running broydn7d with nvar=1000 and mem=69
Running broydn7d with nvar=1000 and mem=70
Running broydn7d with nvar=1000 and mem=71
Running broydn7d with nvar=1000 and mem=72
Running broydn7d with nvar=1000 and mem=73
Running broydn7d with nvar=1000 and mem=74
Running broydn7d with nvar=1000 and mem=75
Running broydn7d with nvar=1000 and mem=76
Running broydn7d with nvar=1000 and mem=77
Running broydn7d with nvar=1000 and mem=78
Running broydn7d with nvar=1000 and mem=79
Running broydn7d with nvar=1000 and mem=80
Running broydn7d with nvar=1000 and mem=81
Running broydn7d with nvar=1000 and mem=82
Running broydn7d with nvar=1000 and mem=83
Running broydn7d with nvar=1000 and mem=84
Running broydn7d with nvar=1000 and mem=85
Running broydn7d with nvar=1000 and mem=86
Running broydn7d with nvar=1000 and mem=87
Running broydn7d with nvar=1000 and mem=88
Running broydn7d with nvar=1000 and mem=89
Running broydn7d with nvar=1000 and mem=90
Running broydn7d with nvar=1000 and mem=91
Running broydn7d with nvar=1000 and mem=92
Running broydn7d with nvar=1000 and mem=93
Running broydn7d with nvar=1000 and mem=94
Running broydn7d with nvar=1000 and mem=95
Running broydn7d with nvar=1000 and mem=96
Running broydn7d with nvar=1000 and mem=97
Running broydn7d with nvar=1000 and mem=98
Running broydn7d with nvar=1000 and mem=99
Running broydn7d with nvar=1000 and mem=100
Running brybnd with nvar=1000 and mem=1
Running brybnd with nvar=1000 and mem=1
Running brybnd with nvar=1000 and mem=2
Running brybnd with nvar=1000 and mem=3
Running brybnd with nvar=1000 and mem=4
Running brybnd with nvar=1000 and mem=5
Running brybnd with nvar=1000 and mem=6
Running brybnd with nvar=1000 and mem=7
Running brybnd with nvar=1000 and mem=8
Running brybnd with nvar=1000 and mem=9
Running brybnd with nvar=1000 and mem=10
Running brybnd with nvar=1000 and mem=11
Running brybnd with nvar=1000 and mem=12
Running brybnd with nvar=1000 and mem=13
Running brybnd with nvar=1000 and mem=14
Running brybnd with nvar=1000 and mem=15
Running brybnd with nvar=1000 and mem=16
Running brybnd with nvar=1000 and mem=17
Running brybnd with nvar=1000 and mem=18
Running brybnd with nvar=1000 and mem=19
Running brybnd with nvar=1000 and mem=20
Running brybnd with nvar=1000 and mem=21
Running brybnd with nvar=1000 and mem=22
Running brybnd with nvar=1000 and mem=23
Running brybnd with nvar=1000 and mem=24
Running brybnd with nvar=1000 and mem=25
Running brybnd with nvar=1000 and mem=26
Running brybnd with nvar=1000 and mem=27
Running brybnd with nvar=1000 and mem=28
Running brybnd with nvar=1000 and mem=29
Running brybnd with nvar=1000 and mem=30
Running brybnd with nvar=1000 and mem=31
Running brybnd with nvar=1000 and mem=32
Running brybnd with nvar=1000 and mem=33
Running brybnd with nvar=1000 and mem=34
Running brybnd with nvar=1000 and mem=35
Running brybnd with nvar=1000 and mem=36
Running brybnd with nvar=1000 and mem=37
Running brybnd with nvar=1000 and mem=38
Running brybnd with nvar=1000 and mem=39
Running brybnd with nvar=1000 and mem=40
Running brybnd with nvar=1000 and mem=41
Running brybnd with nvar=1000 and mem=42
Running brybnd with nvar=1000 and mem=43
Running brybnd with nvar=1000 and mem=44
Running brybnd with nvar=1000 and mem=45
Running brybnd with nvar=1000 and mem=46
Running brybnd with nvar=1000 and mem=47
Running brybnd with nvar=1000 and mem=48
Running brybnd with nvar=1000 and mem=49
Running brybnd with nvar=1000 and mem=50
Running brybnd with nvar=1000 and mem=51
Running brybnd with nvar=1000 and mem=52
Running brybnd with nvar=1000 and mem=53
Running brybnd with nvar=1000 and mem=54
Running brybnd with nvar=1000 and mem=55
Running brybnd with nvar=1000 and mem=56
Running brybnd with nvar=1000 and mem=57
Running brybnd with nvar=1000 and mem=58
Running brybnd with nvar=1000 and mem=59
Running brybnd with nvar=1000 and mem=60
Running brybnd with nvar=1000 and mem=61
Running brybnd with nvar=1000 and mem=62
Running brybnd with nvar=1000 and mem=63
Running brybnd with nvar=1000 and mem=64
Running brybnd with nvar=1000 and mem=65
Running brybnd with nvar=1000 and mem=66
Running brybnd with nvar=1000 and mem=67
Running brybnd with nvar=1000 and mem=68
Running brybnd with nvar=1000 and mem=69
Running brybnd with nvar=1000 and mem=70
Running brybnd with nvar=1000 and mem=71
Running brybnd with nvar=1000 and mem=72
Running brybnd with nvar=1000 and mem=73
Running brybnd with nvar=1000 and mem=74
Running brybnd with nvar=1000 and mem=75
Running brybnd with nvar=1000 and mem=76
Running brybnd with nvar=1000 and mem=77
Running brybnd with nvar=1000 and mem=78
Running brybnd with nvar=1000 and mem=79
Running brybnd with nvar=1000 and mem=80
Running brybnd with nvar=1000 and mem=81
Running brybnd with nvar=1000 and mem=82
Running brybnd with nvar=1000 and mem=83
Running brybnd with nvar=1000 and mem=84
Running brybnd with nvar=1000 and mem=85
Running brybnd with nvar=1000 and mem=86
Running brybnd with nvar=1000 and mem=87
Running brybnd with nvar=1000 and mem=88
Running brybnd with nvar=1000 and mem=89
Running brybnd with nvar=1000 and mem=90
Running brybnd with nvar=1000 and mem=91
Running brybnd with nvar=1000 and mem=92
Running brybnd with nvar=1000 and mem=93
Running brybnd with nvar=1000 and mem=94
Running brybnd with nvar=1000 and mem=95
Running brybnd with nvar=1000 and mem=96
Running brybnd with nvar=1000 and mem=97
Running brybnd with nvar=1000 and mem=98
Running brybnd with nvar=1000 and mem=99
Running brybnd with nvar=1000 and mem=100
Running chainwoo with nvar=1000 and mem=1
Running chainwoo with nvar=1000 and mem=1
Running chainwoo with nvar=1000 and mem=2
Running chainwoo with nvar=1000 and mem=3
Running chainwoo with nvar=1000 and mem=4
Running chainwoo with nvar=1000 and mem=5
Running chainwoo with nvar=1000 and mem=6
Running chainwoo with nvar=1000 and mem=7
Running chainwoo with nvar=1000 and mem=8
Running chainwoo with nvar=1000 and mem=9
Running chainwoo with nvar=1000 and mem=10
Running chainwoo with nvar=1000 and mem=11
Running chainwoo with nvar=1000 and mem=12
Running chainwoo with nvar=1000 and mem=13
Running chainwoo with nvar=1000 and mem=14
Running chainwoo with nvar=1000 and mem=15
Running chainwoo with nvar=1000 and mem=16
Running chainwoo with nvar=1000 and mem=17
Running chainwoo with nvar=1000 and mem=18
Running chainwoo with nvar=1000 and mem=19
Running chainwoo with nvar=1000 and mem=20
Running chainwoo with nvar=1000 and mem=21
Running chainwoo with nvar=1000 and mem=22
Running chainwoo with nvar=1000 and mem=23
Running chainwoo with nvar=1000 and mem=24
Running chainwoo with nvar=1000 and mem=25
Running chainwoo with nvar=1000 and mem=26
Running chainwoo with nvar=1000 and mem=27
Running chainwoo with nvar=1000 and mem=28
Running chainwoo with nvar=1000 and mem=29
Running chainwoo with nvar=1000 and mem=30
Running chainwoo with nvar=1000 and mem=31
Running chainwoo with nvar=1000 and mem=32
Running chainwoo with nvar=1000 and mem=33
Running chainwoo with nvar=1000 and mem=34
Running chainwoo with nvar=1000 and mem=35
Running chainwoo with nvar=1000 and mem=36
Running chainwoo with nvar=1000 and mem=37
Running chainwoo with nvar=1000 and mem=38
Running chainwoo with nvar=1000 and mem=39
Running chainwoo with nvar=1000 and mem=40
Running chainwoo with nvar=1000 and mem=41
