  Activating project at `~/OptimizationParameterTuning/Julia Notebook`
Status `~/OptimizationParameterTuning/Julia Notebook/Project.toml`
  [54578032] ADNLPModels v0.8.13
⌃ [6e4b80f9] BenchmarkTools v1.6.0
  [336ed68f] CSV v0.10.15
⌃ [a93c6f00] DataFrames v1.8.0
⌃ [7073ff75] IJulia v1.30.6
  [10dff2fc] JSOSolvers v0.14.3
  [ed6ae0be] JSOSuite v0.3.0
  [a4795742] NLPModels v0.21.5
  [5049e819] OptimizationProblems v0.9.2
  [ff4d7338] SolverCore v0.3.8
  [d076d87d] SolverParameters v0.1.2
Info Packages marked with ⌃ have new versions available and may be upgradable.
Running penalty3 with nvar=1000 and mem=1
Running penalty3 with nvar=1000 and mem=1
Running penalty3 with nvar=1000 and mem=2
Running penalty3 with nvar=1000 and mem=3
Running penalty3 with nvar=1000 and mem=4
Running penalty3 with nvar=1000 and mem=5
Running penalty3 with nvar=1000 and mem=6
Running penalty3 with nvar=1000 and mem=7
Running penalty3 with nvar=1000 and mem=8
Running penalty3 with nvar=1000 and mem=9
Running penalty3 with nvar=1000 and mem=10
Running penalty3 with nvar=1000 and mem=11
Running penalty3 with nvar=1000 and mem=12
Running penalty3 with nvar=1000 and mem=13
Running penalty3 with nvar=1000 and mem=14
Running penalty3 with nvar=1000 and mem=15
Running penalty3 with nvar=1000 and mem=16
Running penalty3 with nvar=1000 and mem=17
Running penalty3 with nvar=1000 and mem=18
Running penalty3 with nvar=1000 and mem=19
Running penalty3 with nvar=1000 and mem=20
Running penalty3 with nvar=1000 and mem=21
Running penalty3 with nvar=1000 and mem=22
Running penalty3 with nvar=1000 and mem=23
Running penalty3 with nvar=1000 and mem=24
Running penalty3 with nvar=1000 and mem=25
Running penalty3 with nvar=1000 and mem=26
Running penalty3 with nvar=1000 and mem=27
Running penalty3 with nvar=1000 and mem=28
Running penalty3 with nvar=1000 and mem=29
Running penalty3 with nvar=1000 and mem=30
Running penalty3 with nvar=1000 and mem=31
Running penalty3 with nvar=1000 and mem=32
Running penalty3 with nvar=1000 and mem=33
Running penalty3 with nvar=1000 and mem=34
Running penalty3 with nvar=1000 and mem=35
Running penalty3 with nvar=1000 and mem=36
Running penalty3 with nvar=1000 and mem=37
Running penalty3 with nvar=1000 and mem=38
Running penalty3 with nvar=1000 and mem=39
Running penalty3 with nvar=1000 and mem=40
Running penalty3 with nvar=1000 and mem=41
Running penalty3 with nvar=1000 and mem=42
Running penalty3 with nvar=1000 and mem=43
Running penalty3 with nvar=1000 and mem=44
Running penalty3 with nvar=1000 and mem=45
Running penalty3 with nvar=1000 and mem=46
Running penalty3 with nvar=1000 and mem=47
Running penalty3 with nvar=1000 and mem=48
Running penalty3 with nvar=1000 and mem=49
Running penalty3 with nvar=1000 and mem=50
Running penalty3 with nvar=1000 and mem=51
Running penalty3 with nvar=1000 and mem=52
Running penalty3 with nvar=1000 and mem=53
Running penalty3 with nvar=1000 and mem=54
Running penalty3 with nvar=1000 and mem=55
Running penalty3 with nvar=1000 and mem=56
Running penalty3 with nvar=1000 and mem=57
Running penalty3 with nvar=1000 and mem=58
Running penalty3 with nvar=1000 and mem=59
Running penalty3 with nvar=1000 and mem=60
Running penalty3 with nvar=1000 and mem=61
Running penalty3 with nvar=1000 and mem=62
Running penalty3 with nvar=1000 and mem=63
Running penalty3 with nvar=1000 and mem=64
Running penalty3 with nvar=1000 and mem=65
Running penalty3 with nvar=1000 and mem=66
Running penalty3 with nvar=1000 and mem=67
Running penalty3 with nvar=1000 and mem=68
Running penalty3 with nvar=1000 and mem=69
Running penalty3 with nvar=1000 and mem=70
Running penalty3 with nvar=1000 and mem=71
Running penalty3 with nvar=1000 and mem=72
Running penalty3 with nvar=1000 and mem=73
Running penalty3 with nvar=1000 and mem=74
Running penalty3 with nvar=1000 and mem=75
Running penalty3 with nvar=1000 and mem=76
Running penalty3 with nvar=1000 and mem=77
Running penalty3 with nvar=1000 and mem=78
Running penalty3 with nvar=1000 and mem=79
Running penalty3 with nvar=1000 and mem=80
Running penalty3 with nvar=1000 and mem=81
Running penalty3 with nvar=1000 and mem=82
Running penalty3 with nvar=1000 and mem=83
Running penalty3 with nvar=1000 and mem=84
Running penalty3 with nvar=1000 and mem=85
Running penalty3 with nvar=1000 and mem=86
Running penalty3 with nvar=1000 and mem=87
Running penalty3 with nvar=1000 and mem=88
Running penalty3 with nvar=1000 and mem=89
Running penalty3 with nvar=1000 and mem=90
Running penalty3 with nvar=1000 and mem=91
Running penalty3 with nvar=1000 and mem=92
Running penalty3 with nvar=1000 and mem=93
Running penalty3 with nvar=1000 and mem=94
Running penalty3 with nvar=1000 and mem=95
Running penalty3 with nvar=1000 and mem=96
Running penalty3 with nvar=1000 and mem=97
Running penalty3 with nvar=1000 and mem=98
Running penalty3 with nvar=1000 and mem=99
Running penalty3 with nvar=1000 and mem=100
Running powellsg with nvar=1000 and mem=1
Running powellsg with nvar=1000 and mem=1
Running powellsg with nvar=1000 and mem=2
Running powellsg with nvar=1000 and mem=3
Running powellsg with nvar=1000 and mem=4
Running powellsg with nvar=1000 and mem=5
Running powellsg with nvar=1000 and mem=6
Running powellsg with nvar=1000 and mem=7
Running powellsg with nvar=1000 and mem=8
Running powellsg with nvar=1000 and mem=9
Running powellsg with nvar=1000 and mem=10
Running powellsg with nvar=1000 and mem=11
Running powellsg with nvar=1000 and mem=12
Running powellsg with nvar=1000 and mem=13
Running powellsg with nvar=1000 and mem=14
Running powellsg with nvar=1000 and mem=15
Running powellsg with nvar=1000 and mem=16
Running powellsg with nvar=1000 and mem=17
Running powellsg with nvar=1000 and mem=18
Running powellsg with nvar=1000 and mem=19
Running powellsg with nvar=1000 and mem=20
Running powellsg with nvar=1000 and mem=21
Running powellsg with nvar=1000 and mem=22
Running powellsg with nvar=1000 and mem=23
Running powellsg with nvar=1000 and mem=24
Running powellsg with nvar=1000 and mem=25
Running powellsg with nvar=1000 and mem=26
Running powellsg with nvar=1000 and mem=27
Running powellsg with nvar=1000 and mem=28
Running powellsg with nvar=1000 and mem=29
Running powellsg with nvar=1000 and mem=30
Running powellsg with nvar=1000 and mem=31
Running powellsg with nvar=1000 and mem=32
Running powellsg with nvar=1000 and mem=33
Running powellsg with nvar=1000 and mem=34
Running powellsg with nvar=1000 and mem=35
Running powellsg with nvar=1000 and mem=36
Running powellsg with nvar=1000 and mem=37
Running powellsg with nvar=1000 and mem=38
Running powellsg with nvar=1000 and mem=39
Running powellsg with nvar=1000 and mem=40
Running powellsg with nvar=1000 and mem=41
Running powellsg with nvar=1000 and mem=42
Running powellsg with nvar=1000 and mem=43
Running powellsg with nvar=1000 and mem=44
Running powellsg with nvar=1000 and mem=45
Running powellsg with nvar=1000 and mem=46
Running powellsg with nvar=1000 and mem=47
Running powellsg with nvar=1000 and mem=48
Running powellsg with nvar=1000 and mem=49
Running powellsg with nvar=1000 and mem=50
Running powellsg with nvar=1000 and mem=51
Running powellsg with nvar=1000 and mem=52
Running powellsg with nvar=1000 and mem=53
Running powellsg with nvar=1000 and mem=54
Running powellsg with nvar=1000 and mem=55
Running powellsg with nvar=1000 and mem=56
Running powellsg with nvar=1000 and mem=57
Running powellsg with nvar=1000 and mem=58
Running powellsg with nvar=1000 and mem=59
Running powellsg with nvar=1000 and mem=60
Running powellsg with nvar=1000 and mem=61
Running powellsg with nvar=1000 and mem=62
Running powellsg with nvar=1000 and mem=63
Running powellsg with nvar=1000 and mem=64
Running powellsg with nvar=1000 and mem=65
Running powellsg with nvar=1000 and mem=66
Running powellsg with nvar=1000 and mem=67
Running powellsg with nvar=1000 and mem=68
Running powellsg with nvar=1000 and mem=69
Running powellsg with nvar=1000 and mem=70
Running powellsg with nvar=1000 and mem=71
Running powellsg with nvar=1000 and mem=72
Running powellsg with nvar=1000 and mem=73
Running powellsg with nvar=1000 and mem=74
Running powellsg with nvar=1000 and mem=75
Running powellsg with nvar=1000 and mem=76
Running powellsg with nvar=1000 and mem=77
Running powellsg with nvar=1000 and mem=78
Running powellsg with nvar=1000 and mem=79
Running powellsg with nvar=1000 and mem=80
Running powellsg with nvar=1000 and mem=81
Running powellsg with nvar=1000 and mem=82
Running powellsg with nvar=1000 and mem=83
Running powellsg with nvar=1000 and mem=84
Running powellsg with nvar=1000 and mem=85
Running powellsg with nvar=1000 and mem=86
Running powellsg with nvar=1000 and mem=87
Running powellsg with nvar=1000 and mem=88
Running powellsg with nvar=1000 and mem=89
Running powellsg with nvar=1000 and mem=90
Running powellsg with nvar=1000 and mem=91
Running powellsg with nvar=1000 and mem=92
Running powellsg with nvar=1000 and mem=93
Running powellsg with nvar=1000 and mem=94
Running powellsg with nvar=1000 and mem=95
Running powellsg with nvar=1000 and mem=96
Running powellsg with nvar=1000 and mem=97
Running powellsg with nvar=1000 and mem=98
Running powellsg with nvar=1000 and mem=99
Running powellsg with nvar=1000 and mem=100
Running power with nvar=1000 and mem=1
Running power with nvar=1000 and mem=1
Running power with nvar=1000 and mem=2
Running power with nvar=1000 and mem=3
Running power with nvar=1000 and mem=4
Running power with nvar=1000 and mem=5
Running power with nvar=1000 and mem=6
Running power with nvar=1000 and mem=7
Running power with nvar=1000 and mem=8
Running power with nvar=1000 and mem=9
Running power with nvar=1000 and mem=10
Running power with nvar=1000 and mem=11
Running power with nvar=1000 and mem=12
Running power with nvar=1000 and mem=13
Running power with nvar=1000 and mem=14
Running power with nvar=1000 and mem=15
Running power with nvar=1000 and mem=16
Running power with nvar=1000 and mem=17
Running power with nvar=1000 and mem=18
Running power with nvar=1000 and mem=19
Running power with nvar=1000 and mem=20
Running power with nvar=1000 and mem=21
Running power with nvar=1000 and mem=22
Running power with nvar=1000 and mem=23
Running power with nvar=1000 and mem=24
Running power with nvar=1000 and mem=25
Running power with nvar=1000 and mem=26
Running power with nvar=1000 and mem=27
Running power with nvar=1000 and mem=28
Running power with nvar=1000 and mem=29
Running power with nvar=1000 and mem=30
Running power with nvar=1000 and mem=31
Running power with nvar=1000 and mem=32
Running power with nvar=1000 and mem=33
Running power with nvar=1000 and mem=34
Running power with nvar=1000 and mem=35
Running power with nvar=1000 and mem=36
Running power with nvar=1000 and mem=37
Running power with nvar=1000 and mem=38
Running power with nvar=1000 and mem=39
Running power with nvar=1000 and mem=40
Running power with nvar=1000 and mem=41
Running power with nvar=1000 and mem=42
Running power with nvar=1000 and mem=43
Running power with nvar=1000 and mem=44
Running power with nvar=1000 and mem=45
Running power with nvar=1000 and mem=46
Running power with nvar=1000 and mem=47
Running power with nvar=1000 and mem=48
Running power with nvar=1000 and mem=49
Running power with nvar=1000 and mem=50
Running power with nvar=1000 and mem=51
Running power with nvar=1000 and mem=52
Running power with nvar=1000 and mem=53
Running power with nvar=1000 and mem=54
Running power with nvar=1000 and mem=55
Running power with nvar=1000 and mem=56
Running power with nvar=1000 and mem=57
Running power with nvar=1000 and mem=58
Running power with nvar=1000 and mem=59
Running power with nvar=1000 and mem=60
Running power with nvar=1000 and mem=61
Running power with nvar=1000 and mem=62
Running power with nvar=1000 and mem=63
Running power with nvar=1000 and mem=64
Running power with nvar=1000 and mem=65
Running power with nvar=1000 and mem=66
Running power with nvar=1000 and mem=67
Running power with nvar=1000 and mem=68
Running power with nvar=1000 and mem=69
Running power with nvar=1000 and mem=70
Running power with nvar=1000 and mem=71
Running power with nvar=1000 and mem=72
Running power with nvar=1000 and mem=73
Running power with nvar=1000 and mem=74
Running power with nvar=1000 and mem=75
Running power with nvar=1000 and mem=76
Running power with nvar=1000 and mem=77
Running power with nvar=1000 and mem=78
Running power with nvar=1000 and mem=79
Running power with nvar=1000 and mem=80
Running power with nvar=1000 and mem=81
Running power with nvar=1000 and mem=82
Running power with nvar=1000 and mem=83
Running power with nvar=1000 and mem=84
Running power with nvar=1000 and mem=85
Running power with nvar=1000 and mem=86
Running power with nvar=1000 and mem=87
Running power with nvar=1000 and mem=88
Running power with nvar=1000 and mem=89
Running power with nvar=1000 and mem=90
Running power with nvar=1000 and mem=91
Running power with nvar=1000 and mem=92
Running power with nvar=1000 and mem=93
Running power with nvar=1000 and mem=94
Running power with nvar=1000 and mem=95
Running power with nvar=1000 and mem=96
Running power with nvar=1000 and mem=97
Running power with nvar=1000 and mem=98
Running power with nvar=1000 and mem=99
Running power with nvar=1000 and mem=100
Running quartc with nvar=1000 and mem=1
Running quartc with nvar=1000 and mem=1
Running quartc with nvar=1000 and mem=2
Running quartc with nvar=1000 and mem=3
Running quartc with nvar=1000 and mem=4
Running quartc with nvar=1000 and mem=5
Running quartc with nvar=1000 and mem=6
Running quartc with nvar=1000 and mem=7
Running quartc with nvar=1000 and mem=8
Running quartc with nvar=1000 and mem=9
Running quartc with nvar=1000 and mem=10
Running quartc with nvar=1000 and mem=11
Running quartc with nvar=1000 and mem=12
Running quartc with nvar=1000 and mem=13
Running quartc with nvar=1000 and mem=14
Running quartc with nvar=1000 and mem=15
Running quartc with nvar=1000 and mem=16
Running quartc with nvar=1000 and mem=17
Running quartc with nvar=1000 and mem=18
Running quartc with nvar=1000 and mem=19
Running quartc with nvar=1000 and mem=20
Running quartc with nvar=1000 and mem=21
Running quartc with nvar=1000 and mem=22
Running quartc with nvar=1000 and mem=23
Running quartc with nvar=1000 and mem=24
Running quartc with nvar=1000 and mem=25
Running quartc with nvar=1000 and mem=26
Running quartc with nvar=1000 and mem=27
Running quartc with nvar=1000 and mem=28
Running quartc with nvar=1000 and mem=29
Running quartc with nvar=1000 and mem=30
Running quartc with nvar=1000 and mem=31
Running quartc with nvar=1000 and mem=32
Running quartc with nvar=1000 and mem=33
Running quartc with nvar=1000 and mem=34
Running quartc with nvar=1000 and mem=35
Running quartc with nvar=1000 and mem=36
Running quartc with nvar=1000 and mem=37
Running quartc with nvar=1000 and mem=38
Running quartc with nvar=1000 and mem=39
Running quartc with nvar=1000 and mem=40
Running quartc with nvar=1000 and mem=41
Running quartc with nvar=1000 and mem=42
Running quartc with nvar=1000 and mem=43
Running quartc with nvar=1000 and mem=44
Running quartc with nvar=1000 and mem=45
Running quartc with nvar=1000 and mem=46
Running quartc with nvar=1000 and mem=47
Running quartc with nvar=1000 and mem=48
Running quartc with nvar=1000 and mem=49
Running quartc with nvar=1000 and mem=50
Running quartc with nvar=1000 and mem=51
Running quartc with nvar=1000 and mem=52
Running quartc with nvar=1000 and mem=53
Running quartc with nvar=1000 and mem=54
Running quartc with nvar=1000 and mem=55
Running quartc with nvar=1000 and mem=56
Running quartc with nvar=1000 and mem=57
Running quartc with nvar=1000 and mem=58
Running quartc with nvar=1000 and mem=59
Running quartc with nvar=1000 and mem=60
Running quartc with nvar=1000 and mem=61
Running quartc with nvar=1000 and mem=62
Running quartc with nvar=1000 and mem=63
Running quartc with nvar=1000 and mem=64
Running quartc with nvar=1000 and mem=65
Running quartc with nvar=1000 and mem=66
Running quartc with nvar=1000 and mem=67
Running quartc with nvar=1000 and mem=68
Running quartc with nvar=1000 and mem=69
Running quartc with nvar=1000 and mem=70
Running quartc with nvar=1000 and mem=71
Running quartc with nvar=1000 and mem=72
Running quartc with nvar=1000 and mem=73
Running quartc with nvar=1000 and mem=74
Running quartc with nvar=1000 and mem=75
Running quartc with nvar=1000 and mem=76
Running quartc with nvar=1000 and mem=77
Running quartc with nvar=1000 and mem=78
Running quartc with nvar=1000 and mem=79
Running quartc with nvar=1000 and mem=80
Running quartc with nvar=1000 and mem=81
Running quartc with nvar=1000 and mem=82
Running quartc with nvar=1000 and mem=83
Running quartc with nvar=1000 and mem=84
Running quartc with nvar=1000 and mem=85
Running quartc with nvar=1000 and mem=86
Running quartc with nvar=1000 and mem=87
Running quartc with nvar=1000 and mem=88
Running quartc with nvar=1000 and mem=89
Running quartc with nvar=1000 and mem=90
Running quartc with nvar=1000 and mem=91
Running quartc with nvar=1000 and mem=92
Running quartc with nvar=1000 and mem=93
Running quartc with nvar=1000 and mem=94
Running quartc with nvar=1000 and mem=95
Running quartc with nvar=1000 and mem=96
Running quartc with nvar=1000 and mem=97
Running quartc with nvar=1000 and mem=98
Running quartc with nvar=1000 and mem=99
Running quartc with nvar=1000 and mem=100
Running sbrybnd with nvar=1000 and mem=1
Running sbrybnd with nvar=1000 and mem=1
Running sbrybnd with nvar=1000 and mem=2
Running sbrybnd with nvar=1000 and mem=3
Running sbrybnd with nvar=1000 and mem=4
